<object-stream>
<org.drools.core.audit.WorkingMemoryLog>
  <version>6.1</version>
  <events>
    <org.drools.core.audit.event.ObjectLogEvent>
      <type>1</type>
      <factId>1</factId>
      <objectToString>com.redhat.Greeting@533b266e</objectToString>
    </org.drools.core.audit.event.ObjectLogEvent>
    <org.drools.core.audit.event.RuleFlowLogEvent>
      <type>8</type>
      <processId>simple.Ruleflow</processId>
      <processName>Ruleflow</processName>
      <processInstanceId>1</processInstanceId>
    </org.drools.core.audit.event.RuleFlowLogEvent>
    <org.drools.core.audit.event.RuleFlowNodeLogEvent>
      <type>24</type>
      <processId>simple.Ruleflow</processId>
      <processName>Ruleflow</processName>
      <processInstanceId>1</processInstanceId>
      <nodeId>StartEvent_1</nodeId>
      <nodeName>StartProcess</nodeName>
      <nodeInstanceId>0</nodeInstanceId>
    </org.drools.core.audit.event.RuleFlowNodeLogEvent>
    <org.drools.core.audit.event.RuleFlowNodeLogEvent>
      <type>26</type>
      <processId>simple.Ruleflow</processId>
      <processName>Ruleflow</processName>
      <processInstanceId>1</processInstanceId>
      <nodeId>StartEvent_1</nodeId>
      <nodeName>StartProcess</nodeName>
      <nodeInstanceId>0</nodeInstanceId>
    </org.drools.core.audit.event.RuleFlowNodeLogEvent>
    <org.drools.core.audit.event.RuleFlowNodeLogEvent>
      <type>24</type>
      <processId>simple.Ruleflow</processId>
      <processName>Ruleflow</processName>
      <processInstanceId>1</processInstanceId>
      <nodeId>BusinessRuleTask_1</nodeId>
      <nodeName>Greeting</nodeName>
      <nodeInstanceId>1</nodeInstanceId>
    </org.drools.core.audit.event.RuleFlowNodeLogEvent>
    <org.drools.core.audit.event.RuleFlowGroupLogEvent>
      <type>12</type>
      <groupName>greeting</groupName>
      <size>1</size>
    </org.drools.core.audit.event.RuleFlowGroupLogEvent>
    <org.drools.core.audit.event.RuleFlowGroupLogEvent>
      <type>13</type>
      <groupName>greeting</groupName>
      <size>1</size>
    </org.drools.core.audit.event.RuleFlowGroupLogEvent>
    <org.drools.core.audit.event.RuleFlowNodeLogEvent>
      <type>25</type>
      <processId>simple.Ruleflow</processId>
      <processName>Ruleflow</processName>
      <processInstanceId>1</processInstanceId>
      <nodeId>BusinessRuleTask_1</nodeId>
      <nodeName>Greeting</nodeName>
      <nodeInstanceId>1</nodeInstanceId>
    </org.drools.core.audit.event.RuleFlowNodeLogEvent>
    <org.drools.core.audit.event.RuleFlowNodeLogEvent>
      <type>27</type>
      <processId>simple.Ruleflow</processId>
      <processName>Ruleflow</processName>
      <processInstanceId>1</processInstanceId>
      <nodeId>StartEvent_1</nodeId>
      <nodeName>StartProcess</nodeName>
      <nodeInstanceId>0</nodeInstanceId>
    </org.drools.core.audit.event.RuleFlowNodeLogEvent>
    <org.drools.core.audit.event.RuleFlowNodeLogEvent>
      <type>25</type>
      <processId>simple.Ruleflow</processId>
      <processName>Ruleflow</processName>
      <processInstanceId>1</processInstanceId>
      <nodeId>StartEvent_1</nodeId>
      <nodeName>StartProcess</nodeName>
      <nodeInstanceId>0</nodeInstanceId>
    </org.drools.core.audit.event.RuleFlowNodeLogEvent>
    <org.drools.core.audit.event.RuleFlowLogEvent>
      <type>9</type>
      <processId>simple.Ruleflow</processId>
      <processName>Ruleflow</processName>
      <processInstanceId>1</processInstanceId>
    </org.drools.core.audit.event.RuleFlowLogEvent>
    <org.drools.core.audit.event.ActivationLogEvent>
      <type>4</type>
      <activationId>Hello World [0]</activationId>
      <rule>Hello World</rule>
      <declarations></declarations>
      <ruleFlowGroup>greeting</ruleFlowGroup>
      <factHandleIds>0</factHandleIds>
    </org.drools.core.audit.event.ActivationLogEvent>
    <org.drools.core.audit.event.ActivationLogEvent>
      <type>6</type>
      <activationId>Hello World [0]</activationId>
      <rule>Hello World</rule>
      <declarations></declarations>
      <ruleFlowGroup>greeting</ruleFlowGroup>
      <factHandleIds>0</factHandleIds>
    </org.drools.core.audit.event.ActivationLogEvent>
    <org.drools.core.audit.event.ActivationLogEvent>
      <type>7</type>
      <activationId>Hello World [0]</activationId>
      <rule>Hello World</rule>
      <declarations></declarations>
      <ruleFlowGroup>greeting</ruleFlowGroup>
      <factHandleIds>0</factHandleIds>
    </org.drools.core.audit.event.ActivationLogEvent>
    <org.drools.core.audit.event.RuleFlowNodeLogEvent>
      <type>26</type>
      <processId>simple.Ruleflow</processId>
      <processName>Ruleflow</processName>
      <processInstanceId>1</processInstanceId>
      <nodeId>BusinessRuleTask_1</nodeId>
      <nodeName>Greeting</nodeName>
      <nodeInstanceId>1</nodeInstanceId>
    </org.drools.core.audit.event.RuleFlowNodeLogEvent>
    <org.drools.core.audit.event.RuleFlowNodeLogEvent>
      <type>24</type>
      <processId>simple.Ruleflow</processId>
      <processName>Ruleflow</processName>
      <processInstanceId>1</processInstanceId>
      <nodeId>EndEvent_1</nodeId>
      <nodeName>End Event 1</nodeName>
      <nodeInstanceId>2</nodeInstanceId>
    </org.drools.core.audit.event.RuleFlowNodeLogEvent>
    <org.drools.core.audit.event.RuleFlowNodeLogEvent>
      <type>26</type>
      <processId>simple.Ruleflow</processId>
      <processName>Ruleflow</processName>
      <processInstanceId>1</processInstanceId>
      <nodeId>EndEvent_1</nodeId>
      <nodeName>End Event 1</nodeName>
      <nodeInstanceId>2</nodeInstanceId>
    </org.drools.core.audit.event.RuleFlowNodeLogEvent>
    <org.drools.core.audit.event.RuleFlowLogEvent>
      <type>10</type>
      <processId>simple.Ruleflow</processId>
      <processName>Ruleflow</processName>
      <processInstanceId>1</processInstanceId>
    </org.drools.core.audit.event.RuleFlowLogEvent>
    <org.drools.core.audit.event.RuleFlowLogEvent>
      <type>11</type>
      <processId>simple.Ruleflow</processId>
      <processName>Ruleflow</processName>
      <processInstanceId>1</processInstanceId>
    </org.drools.core.audit.event.RuleFlowLogEvent>
    <org.drools.core.audit.event.RuleFlowNodeLogEvent>
      <type>27</type>
      <processId>simple.Ruleflow</processId>
      <processName>Ruleflow</processName>
      <processInstanceId>1</processInstanceId>
      <nodeId>EndEvent_1</nodeId>
      <nodeName>End Event 1</nodeName>
      <nodeInstanceId>2</nodeInstanceId>
    </org.drools.core.audit.event.RuleFlowNodeLogEvent>
    <org.drools.core.audit.event.RuleFlowNodeLogEvent>
      <type>25</type>
      <processId>simple.Ruleflow</processId>
      <processName>Ruleflow</processName>
      <processInstanceId>1</processInstanceId>
      <nodeId>EndEvent_1</nodeId>
      <nodeName>End Event 1</nodeName>
      <nodeInstanceId>2</nodeInstanceId>
    </org.drools.core.audit.event.RuleFlowNodeLogEvent>
    <org.drools.core.audit.event.RuleFlowNodeLogEvent>
      <type>27</type>
      <processId>simple.Ruleflow</processId>
      <processName>Ruleflow</processName>
      <processInstanceId>1</processInstanceId>
      <nodeId>BusinessRuleTask_1</nodeId>
      <nodeName>Greeting</nodeName>
      <nodeInstanceId>1</nodeInstanceId>
    </org.drools.core.audit.event.RuleFlowNodeLogEvent>
    <org.drools.core.audit.event.RuleFlowGroupLogEvent>
      <type>15</type>
      <groupName>greeting</groupName>
      <size>0</size>
    </org.drools.core.audit.event.RuleFlowGroupLogEvent>
  </events>
  <engine>PHREAK</engine>
</org.drools.core.audit.WorkingMemoryLog>
</object-stream>
